<?xml version="1.0" encoding="UTF-8"?>
<testng-results ignored="0" total="2" passed="2" failed="0" skipped="0">
  <reporter-output>
  </reporter-output>
  <suite started-at="2025-10-08T14:48:23Z" name="Default suite" finished-at="2025-10-08T14:48:23Z" duration-ms="18">
    <groups>
    </groups>
    <test started-at="2025-10-08T14:48:23Z" name="Default test" finished-at="2025-10-08T14:48:23Z" duration-ms="18">
      <class name="testcases.TestCase1">
        <test-method is-config="true" signature="creatingDBConn()[pri:0, instance:testcases.TestCase1@f79e]" started-at="2025-10-08T14:48:23Z" name="creatingDBConn" finished-at="2025-10-08T14:48:23Z" duration-ms="5" status="PASS">
          <reporter-output>
          </reporter-output>
        </test-method> <!-- creatingDBConn -->
        <test-method is-config="true" signature="launchBrowser()[pri:0, instance:testcases.TestCase1@f79e]" started-at="2025-10-08T14:48:23Z" name="launchBrowser" finished-at="2025-10-08T14:48:23Z" duration-ms="0" status="PASS">
          <reporter-output>
          </reporter-output>
        </test-method> <!-- launchBrowser -->
        <test-method signature="doUserReg()[pri:1, instance:testcases.TestCase1@f79e]" started-at="2025-10-08T14:48:23Z" name="doUserReg" finished-at="2025-10-08T14:48:23Z" duration-ms="2" status="PASS">
          <reporter-output>
          </reporter-output>
        </test-method> <!-- doUserReg -->
        <test-method is-config="true" signature="closeBrowser()[pri:0, instance:testcases.TestCase1@f79e]" started-at="2025-10-08T14:48:23Z" name="closeBrowser" finished-at="2025-10-08T14:48:23Z" duration-ms="0" status="PASS">
          <reporter-output>
          </reporter-output>
        </test-method> <!-- closeBrowser -->
        <test-method signature="doLogin()[pri:2, instance:testcases.TestCase1@f79e]" started-at="2025-10-08T14:48:23Z" name="doLogin" finished-at="2025-10-08T14:48:23Z" duration-ms="0" status="PASS">
          <reporter-output>
          </reporter-output>
        </test-method> <!-- doLogin -->
        <test-method is-config="true" signature="launchBrowser()[pri:0, instance:testcases.TestCase1@f79e]" started-at="2025-10-08T14:48:23Z" name="launchBrowser" finished-at="2025-10-08T14:48:23Z" duration-ms="0" status="PASS">
          <reporter-output>
          </reporter-output>
        </test-method> <!-- launchBrowser -->
        <test-method is-config="true" signature="closingDBConn()[pri:0, instance:testcases.TestCase1@f79e]" started-at="2025-10-08T14:48:23Z" name="closingDBConn" finished-at="2025-10-08T14:48:23Z" duration-ms="0" status="PASS">
          <reporter-output>
          </reporter-output>
        </test-method> <!-- closingDBConn -->
        <test-method is-config="true" signature="closeBrowser()[pri:0, instance:testcases.TestCase1@f79e]" started-at="2025-10-08T14:48:23Z" name="closeBrowser" finished-at="2025-10-08T14:48:23Z" duration-ms="0" status="PASS">
          <reporter-output>
          </reporter-output>
        </test-method> <!-- closeBrowser -->
      </class> <!-- testcases.TestCase1 -->
    </test> <!-- Default test -->
  </suite> <!-- Default suite -->
</testng-results>
